<?xml version="1.0" encoding="UTF-8"?>
<!-- Generated by org.testng.reporters.JUnitReportReporter -->
<testsuite hostname="DESKTOP-62F1I6C" failures="0" tests="6" name="com.cura.runners.TestRunner" time="73.518" errors="0" timestamp="2024-08-30T22:39:19 IST" skipped="0">
  <testcase classname="com.cura.runners.TestRunner" name="runScenario" time="19.000"/>
  <system-out/>
  <testcase classname="com.cura.runners.TestRunner" name="runScenario" time="6.517"/>
  <system-out/>
  <testcase classname="com.cura.runners.TestRunner" name="runScenario" time="6.249"/>
  <system-out/>
  <testcase classname="com.cura.runners.TestRunner" name="runScenario" time="7.883"/>
  <system-out/>
  <testcase classname="com.cura.runners.TestRunner" name="runScenario" time="16.265"/>
  <system-out/>
  <testcase classname="com.cura.runners.TestRunner" name="runScenario" time="17.604"/>
  <system-out/>
</testsuite> <!-- com.cura.runners.TestRunner -->
