<?xml version="1.0" encoding="UTF-8"?>
<!-- Generated by org.testng.reporters.JUnitReportReporter -->
<testsuite hostname="DESKTOP-62F1I6C" failures="0" tests="1" name="tests.FunctionalTest" time="2.527" errors="0" timestamp="2024-09-03T15:51:48 IST" skipped="0">
  <testcase classname="tests.FunctionalTest" name="testAddProductToCartAndCheckout" time="2.527"/>
  <system-out/>
</testsuite> <!-- tests.FunctionalTest -->
