<?xml version="1.0" encoding="UTF-8"?>
<!-- Generated by org.testng.reporters.JUnitReportReporter -->
<testsuite hostname="DESKTOP-62F1I6C" failures="0" tests="1" name="tests.UITest" time="2.108" errors="0" timestamp="2024-09-03T15:51:48 IST" skipped="0">
  <testcase classname="tests.UITest" name="testPageTitle" time="2.108"/>
  <system-out/>
</testsuite> <!-- tests.UITest -->
