<?xml version="1.0" encoding="UTF-8"?>
<!-- Generated by org.testng.reporters.JUnitReportReporter -->
<testsuite hostname="DESKTOP-62F1I6C" failures="0" tests="1" name="tests.FormValidationTest" time="5.853" errors="0" timestamp="2024-09-03T15:51:48 IST" skipped="0">
  <testcase classname="tests.FormValidationTest" name="testFormValidation" time="5.853"/>
  <system-out/>
</testsuite> <!-- tests.FormValidationTest -->
