<?xml version="1.0" encoding="UTF-8"?>
<!-- Generated by org.testng.reporters.JUnitReportReporter -->
<testsuite hostname="DESKTOP-62F1I6C" failures="0" tests="2" name="tests.LoginTest" time="6.153" errors="0" timestamp="2024-09-03T15:51:48 IST" skipped="0">
  <testcase classname="tests.LoginTest" name="testInvalidLogin" time="3.944"/>
  <system-out/>
  <testcase classname="tests.LoginTest" name="testValidLogin" time="2.209"/>
  <system-out/>
</testsuite> <!-- tests.LoginTest -->
